#
# There is insufficient memory for the Java Runtime Environment to continue.
# Native memory allocation (malloc) failed to allocate 353296 bytes for Chunk::new
# Possible reasons:
#   The system is out of physical RAM or swap space
#   In 32 bit mode, the process size limit was hit
# Possible solutions:
#   Reduce memory load on the system
#   Increase physical memory or swap space
#   Check if swap backing store is full
#   Use 64 bit Java on a 64 bit OS
#   Decrease Java heap size (-Xmx/-Xms)
#   Decrease number of Java threads
#   Decrease Java thread stack sizes (-Xss)
#   Set larger code cache with -XX:ReservedCodeCacheSize=
# This output file may be truncated or incomplete.
#
#  Out of Memory Error (allocation.cpp:390), pid=11064, tid=0x0000000000006494
#
# JRE version: Java(TM) SE Runtime Environment (8.0_181-b13) (build 1.8.0_181-b13)
# Java VM: Java HotSpot(TM) 64-Bit Server VM (25.181-b13 mixed mode windows-amd64 compressed oops)
# Failed to write core dump. Minidumps are not enabled by default on client versions of Windows
#

---------------  T H R E A D  ---------------

Current thread (0x000000001f582000):  JavaThread "C2 CompilerThread1" daemon [_thread_in_native, id=25748, stack(0x000000001fb10000,0x000000001fc10000)]

Stack: [0x000000001fb10000,0x000000001fc10000]
[error occurred during error reporting (printing stack bounds), id 0xc0000005]

Native frames: (J=compiled Java code, j=interpreted, Vv=VM code, C=native code)


Current CompileTask:
C2:  14373 4666       4       jdk.internal.org.objectweb.asm.MethodWriter::put (1599 bytes)


---------------  P R O C E S S  ---------------

Java Threads: ( => current thread )
  0x00000000224f4800 JavaThread "org.apache.hadoop.fs.FileSystem$Statistics$StatisticsDataReferenceCleaner" daemon [_thread_blocked, id=13440, stack(0x0000000028a20000,0x0000000028b20000)]
  0x00000000224f5000 JavaThread "spark-listener-group-shared" daemon [_thread_blocked, id=13656, stack(0x0000000027550000,0x0000000027650000)]
  0x00000000224f2000 JavaThread "element-tracking-store-worker" daemon [_thread_blocked, id=15880, stack(0x0000000027450000,0x0000000027550000)]
  0x0000000020275800 JavaThread "spark-listener-group-executorManagement" daemon [_thread_blocked, id=42428, stack(0x0000000027150000,0x0000000027250000)]
  0x0000000020274800 JavaThread "spark-listener-group-appStatus" daemon [_thread_blocked, id=18692, stack(0x0000000027050000,0x0000000027150000)]
  0x0000000020274000 JavaThread "context-cleaner-periodic-gc" daemon [_thread_blocked, id=41196, stack(0x0000000026f50000,0x0000000027050000)]
  0x0000000020273000 JavaThread "Spark Context Cleaner" daemon [_thread_blocked, id=42940, stack(0x0000000026e50000,0x0000000026f50000)]
  0x0000000020271800 JavaThread "shuffle-boss-6-1" daemon [_thread_in_native, id=22024, stack(0x0000000026b50000,0x0000000026c50000)]
  0x0000000020272800 JavaThread "executor-heartbeater" daemon [_thread_blocked, id=24188, stack(0x0000000026a50000,0x0000000026b50000)]
  0x0000000020271000 JavaThread "driver-heartbeater" daemon [_thread_blocked, id=19544, stack(0x0000000026630000,0x0000000026730000)]
  0x0000000020269800 JavaThread "dag-scheduler-event-loop" daemon [_thread_blocked, id=20444, stack(0x0000000026750000,0x0000000026850000)]
  0x0000000020270000 JavaThread "Timer-1" daemon [_thread_blocked, id=24952, stack(0x0000000026530000,0x0000000026630000)]
  0x0000000020268800 JavaThread "Timer-0" daemon [_thread_blocked, id=10324, stack(0x0000000026430000,0x0000000026530000)]
  0x000000002026e000 JavaThread "netty-rpc-env-timeout" daemon [_thread_blocked, id=16740, stack(0x0000000026330000,0x0000000026430000)]
  0x000000002026f800 JavaThread "heartbeat-receiver-event-loop-thread" daemon [_thread_blocked, id=42460, stack(0x0000000026230000,0x0000000026330000)]
  0x000000002026e800 JavaThread "SparkUI-42" daemon [_thread_blocked, id=27056, stack(0x0000000025f30000,0x0000000026030000)]
  0x0000000020266800 JavaThread "SparkUI-41" daemon [_thread_blocked, id=22596, stack(0x0000000025e30000,0x0000000025f30000)]
  0x000000002026c800 JavaThread "SparkUI-40" daemon [_thread_blocked, id=25252, stack(0x0000000025d30000,0x0000000025e30000)]
  0x0000000020267000 JavaThread "SparkUI-39" daemon [_thread_in_native, id=26064, stack(0x0000000025c30000,0x0000000025d30000)]
  0x0000000020268000 JavaThread "SparkUI-38" daemon [_thread_in_native, id=17148, stack(0x0000000025b30000,0x0000000025c30000)]
  0x000000002026b800 JavaThread "SparkUI-37" daemon [_thread_in_native, id=38800, stack(0x0000000025a30000,0x0000000025b30000)]
  0x000000002026b000 JavaThread "SparkUI-36" daemon [_thread_in_native, id=27952, stack(0x0000000025930000,0x0000000025a30000)]
  0x000000002026a000 JavaThread "SparkUI-35-acceptor-0@56297bf6-Spark@58ee8f43{HTTP/1.1,[http/1.1]}{0.0.0.0:4040}" daemon [_thread_in_native, id=30088, stack(0x0000000025830000,0x0000000025930000)]
  0x000000002026d000 JavaThread "RemoteBlock-temp-file-clean-thread" daemon [_thread_blocked, id=956, stack(0x0000000025530000,0x0000000025630000)]
  0x000000001f8ab800 JavaThread "dispatcher-BlockManagerEndpoint1" daemon [_thread_blocked, id=42716, stack(0x0000000025430000,0x0000000025530000)]
  0x000000001f8aa800 JavaThread "dispatcher-BlockManagerMaster" daemon [_thread_blocked, id=17992, stack(0x0000000025330000,0x0000000025430000)]
  0x000000001f8ad000 JavaThread "map-output-dispatcher-7" daemon [_thread_blocked, id=35392, stack(0x0000000025030000,0x0000000025130000)]
  0x000000001f8a8800 JavaThread "map-output-dispatcher-6" daemon [_thread_blocked, id=42860, stack(0x0000000024f30000,0x0000000025030000)]
  0x000000001f8ac000 JavaThread "map-output-dispatcher-5" daemon [_thread_blocked, id=13520, stack(0x0000000024e30000,0x0000000024f30000)]
  0x000000001f8a7000 JavaThread "map-output-dispatcher-4" daemon [_thread_blocked, id=27052, stack(0x0000000024d30000,0x0000000024e30000)]
  0x000000001f8aa000 JavaThread "map-output-dispatcher-3" daemon [_thread_blocked, id=35660, stack(0x0000000024c30000,0x0000000024d30000)]
  0x000000001f8ad800 JavaThread "map-output-dispatcher-2" daemon [_thread_blocked, id=4584, stack(0x0000000024b30000,0x0000000024c30000)]
  0x000000001f8a9000 JavaThread "map-output-dispatcher-1" daemon [_thread_blocked, id=24744, stack(0x0000000024a30000,0x0000000024b30000)]
  0x000000001f8a7800 JavaThread "map-output-dispatcher-0" daemon [_thread_blocked, id=36176, stack(0x0000000024830000,0x0000000024930000)]
  0x0000000020085800 JavaThread "dispatcher-event-loop-7" daemon [_thread_blocked, id=24940, stack(0x0000000024630000,0x0000000024730000)]
  0x0000000021f05000 JavaThread "dispatcher-event-loop-6" daemon [_thread_blocked, id=35596, stack(0x0000000024530000,0x0000000024630000)]
  0x0000000021f04000 JavaThread "dispatcher-event-loop-5" daemon [_thread_blocked, id=31596, stack(0x0000000024430000,0x0000000024530000)]
  0x0000000021f03800 JavaThread "dispatcher-event-loop-4" daemon [_thread_blocked, id=12588, stack(0x0000000024330000,0x0000000024430000)]
  0x0000000021f02800 JavaThread "dispatcher-event-loop-3" daemon [_thread_blocked, id=42948, stack(0x0000000024230000,0x0000000024330000)]
  0x0000000021f02000 JavaThread "dispatcher-event-loop-2" daemon [_thread_blocked, id=38872, stack(0x0000000024130000,0x0000000024230000)]
  0x0000000021f01000 JavaThread "dispatcher-event-loop-1" daemon [_thread_blocked, id=29940, stack(0x0000000024030000,0x0000000024130000)]
  0x00000000208cf000 JavaThread "dispatcher-event-loop-0" daemon [_thread_blocked, id=42116, stack(0x0000000023f30000,0x0000000024030000)]
  0x00000000208cc800 JavaThread "rpc-boss-3-1" daemon [_thread_in_native, id=38080, stack(0x0000000023e30000,0x0000000023f30000)]
  0x000000001f63f800 JavaThread "Service Thread" daemon [_thread_blocked, id=19428, stack(0x000000001fe10000,0x000000001ff10000)]
  0x000000001f5a5000 JavaThread "C1 CompilerThread3" daemon [_thread_blocked, id=9012, stack(0x000000001fd10000,0x000000001fe10000)]
  0x000000001f59a000 JavaThread "C2 CompilerThread2" daemon [_thread_blocked, id=37152, stack(0x000000001fc10000,0x000000001fd10000)]
=>0x000000001f582000 JavaThread "C2 CompilerThread1" daemon [_thread_in_native, id=25748, stack(0x000000001fb10000,0x000000001fc10000)]
  0x000000001f565000 JavaThread "C2 CompilerThread0" daemon [_thread_blocked, id=23104, stack(0x000000001fa10000,0x000000001fb10000)]
  0x000000001f593000 JavaThread "Monitor Ctrl-Break" daemon [_thread_in_native, id=21476, stack(0x000000001f910000,0x000000001fa10000)]
  0x000000001e9f0000 JavaThread "Attach Listener" daemon [_thread_blocked, id=34420, stack(0x000000001f010000,0x000000001f110000)]
  0x000000001e9ef800 JavaThread "Signal Dispatcher" daemon [_thread_blocked, id=33448, stack(0x000000001ef10000,0x000000001f010000)]
  0x000000001cad7000 JavaThread "Finalizer" daemon [_thread_blocked, id=19296, stack(0x000000001edb0000,0x000000001eeb0000)]
  0x000000001cad0800 JavaThread "Reference Handler" daemon [_thread_blocked, id=9456, stack(0x000000001e8b0000,0x000000001e9b0000)]
  0x0000000002e39000 JavaThread "main" [_thread_blocked, id=12568, stack(0x0000000002d30000,0x0000000002e30000)]

Other Threads:
  0x000000001cac5800 VMThread [stack: 0x000000001e7b0000,0x000000001e8b0000] [id=39772]
  0x000000001f749800 WatcherThread [stack: 0x000000001ff10000,0x0000000020010000] [id=33700]

VM state:at safepoint (normal execution)

VM Mutex/Monitor currently owned by a thread:  ([mutex/lock_event])
[0x0000000002e30c50] Safepoint_lock - owner thread: 0x000000001cac5800
[0x0000000002e30bd0] Threads_lock - owner thread: 0x000000001cac5800
[0x0000000002e32c60] Compile_lock - owner thread: 0x0000000002e39000

Heap:
 PSYoungGen      total 166912K, used 36866K [0x000000076b580000, 0x0000000777a80000, 0x00000007c0000000)
  eden space 153088K, 15% used [0x000000076b580000,0x000000076cc06720,0x0000000774b00000)
  from space 13824K, 99% used [0x0000000774b00000,0x000000077587a428,0x0000000775880000)
  to   space 13824K, 0% used [0x0000000775880000,0x0000000775880000,0x0000000776600000)
 ParOldGen       total 123904K, used 17325K [0x00000006c2000000, 0x00000006c9900000, 0x000000076b580000)
  object space 123904K, 13% used [0x00000006c2000000,0x00000006c30eb410,0x00000006c9900000)
 Metaspace       used 74869K, capacity 79931K, committed 80088K, reserved 1118208K
  class space    used 10497K, capacity 10893K, committed 11008K, reserved 1048576K

Card table byte_map: [0x00000000124a0000,0x0000000012ca0000] byte_map_base: 0x000000000ee90000

Marking Bits: (ParMarkBitMap*) 0x000000006f732d00
 Begin Bits: [0x00000000139f0000, 0x0000000017970000)
 End Bits:   [0x0000000017970000, 0x000000001b8f0000)

Polling page: 0x0000000001040000

CodeCache: size=245760Kb used=12952Kb max_used=12958Kb free=232807Kb
 bounds [0x00000000030e0000, 0x0000000003da0000, 0x00000000120e0000]
 total_blobs=5026 nmethods=4393 adapters=542
 compilation: enabled

Compilation events (10 events):
Event: 14.367 Thread 0x000000001f5a5000 4665       3       com.thoughtworks.paranamer.BytecodeReadingParanamer$ClassReader::readUnsignedShort (26 bytes)
Event: 14.367 Thread 0x000000001f5a5000 nmethod 4665 0x0000000003283890 code [0x00000000032839e0, 0x0000000003283b90]
Event: 14.368 Thread 0x000000001f582000 4666       4       jdk.internal.org.objectweb.asm.MethodWriter::put (1599 bytes)
Event: 14.369 Thread 0x000000001f5a5000 4667       3       java.lang.reflect.Constructor::equals (42 bytes)
Event: 14.369 Thread 0x000000001f5a5000 nmethod 4667 0x0000000003283050 code [0x00000000032831e0, 0x00000000032837c8]
Event: 14.371 Thread 0x000000001f5a5000 4668       3       java.lang.reflect.Modifier::isSynthetic (14 bytes)
Event: 14.372 Thread 0x000000001f5a5000 nmethod 4668 0x0000000003282d10 code [0x0000000003282e60, 0x0000000003282ff0]
Event: 14.372 Thread 0x000000001f5a5000 4669       3       java.lang.reflect.Method::isSynthetic (5 bytes)
Event: 14.372 Thread 0x000000001f5a5000 nmethod 4669 0x0000000003282850 code [0x00000000032829c0, 0x0000000003282c50]
Event: 14.372 Thread 0x000000001f5a5000 4670       3       java.lang.reflect.Executable::isSynthetic (8 bytes)

GC Heap History (10 events):
Event: 12.469 GC heap before
{Heap before GC invocations=8 (full 2):
 PSYoungGen      total 75776K, used 73083K [0x000000076b580000, 0x0000000772b80000, 0x00000007c0000000)
  eden space 65024K, 100% used [0x000000076b580000,0x000000076f500000,0x000000076f500000)
  from space 10752K, 74% used [0x000000076f500000,0x000000076fcded50,0x000000076ff80000)
  to   space 10752K, 0% used [0x0000000772100000,0x0000000772100000,0x0000000772b80000)
 ParOldGen       total 123904K, used 11143K [0x00000006c2000000, 0x00000006c9900000, 0x000000076b580000)
  object space 123904K, 8% used [0x00000006c2000000,0x00000006c2ae1f00,0x00000006c9900000)
 Metaspace       used 46725K, capacity 49218K, committed 49536K, reserved 1091584K
  class space    used 6201K, capacity 6480K, committed 6528K, reserved 1048576K
Event: 12.473 GC heap after
Heap after GC invocations=8 (full 2):
 PSYoungGen      total 108544K, used 10727K [0x000000076b580000, 0x0000000772f80000, 0x00000007c0000000)
  eden space 97792K, 0% used [0x000000076b580000,0x000000076b580000,0x0000000771500000)
  from space 10752K, 99% used [0x0000000772100000,0x0000000772b79c48,0x0000000772b80000)
  to   space 12288K, 0% used [0x0000000771500000,0x0000000771500000,0x0000000772100000)
 ParOldGen       total 123904K, used 11415K [0x00000006c2000000, 0x00000006c9900000, 0x000000076b580000)
  object space 123904K, 9% used [0x00000006c2000000,0x00000006c2b25d38,0x00000006c9900000)
 Metaspace       used 46725K, capacity 49218K, committed 49536K, reserved 1091584K
  class space    used 6201K, capacity 6480K, committed 6528K, reserved 1048576K
}
Event: 12.973 GC heap before
{Heap before GC invocations=9 (full 2):
 PSYoungGen      total 108544K, used 108519K [0x000000076b580000, 0x0000000772f80000, 0x00000007c0000000)
  eden space 97792K, 100% used [0x000000076b580000,0x0000000771500000,0x0000000771500000)
  from space 10752K, 99% used [0x0000000772100000,0x0000000772b79c48,0x0000000772b80000)
  to   space 12288K, 0% used [0x0000000771500000,0x0000000771500000,0x0000000772100000)
 ParOldGen       total 123904K, used 11415K [0x00000006c2000000, 0x00000006c9900000, 0x000000076b580000)
  object space 123904K, 9% used [0x00000006c2000000,0x00000006c2b25d38,0x00000006c9900000)
 Metaspace       used 55210K, capacity 58455K, committed 58624K, reserved 1099776K
  class space    used 7550K, capacity 7864K, committed 7936K, reserved 1048576K
Event: 12.980 GC heap after
Heap after GC invocations=9 (full 2):
 PSYoungGen      total 110080K, used 12283K [0x000000076b580000, 0x0000000776600000, 0x00000007c0000000)
  eden space 97792K, 0% used [0x000000076b580000,0x000000076b580000,0x0000000771500000)
  from space 12288K, 99% used [0x0000000771500000,0x00000007720feee0,0x0000000772100000)
  to   space 13824K, 0% used [0x0000000775880000,0x0000000775880000,0x0000000776600000)
 ParOldGen       total 123904K, used 12283K [0x00000006c2000000, 0x00000006c9900000, 0x000000076b580000)
  object space 123904K, 9% used [0x00000006c2000000,0x00000006c2bfed48,0x00000006c9900000)
 Metaspace       used 55210K, capacity 58455K, committed 58624K, reserved 1099776K
  class space    used 7550K, capacity 7864K, committed 7936K, reserved 1048576K
}
Event: 13.016 GC heap before
{Heap before GC invocations=10 (full 2):
 PSYoungGen      total 110080K, used 23570K [0x000000076b580000, 0x0000000776600000, 0x00000007c0000000)
  eden space 97792K, 11% used [0x000000076b580000,0x000000076c085b90,0x0000000771500000)
  from space 12288K, 99% used [0x0000000771500000,0x00000007720feee0,0x0000000772100000)
  to   space 13824K, 0% used [0x0000000775880000,0x0000000775880000,0x0000000776600000)
 ParOldGen       total 123904K, used 12283K [0x00000006c2000000, 0x00000006c9900000, 0x000000076b580000)
  object space 123904K, 9% used [0x00000006c2000000,0x00000006c2bfed48,0x00000006c9900000)
 Metaspace       used 55839K, capacity 59015K, committed 59096K, reserved 1099776K
  class space    used 7611K, capacity 7902K, committed 7936K, reserved 1048576K
Event: 13.020 GC heap after
Heap after GC invocations=10 (full 2):
 PSYoungGen      total 166912K, used 7171K [0x000000076b580000, 0x0000000777a80000, 0x00000007c0000000)
  eden space 153088K, 0% used [0x000000076b580000,0x000000076b580000,0x0000000774b00000)
  from space 13824K, 51% used [0x0000000775880000,0x0000000775f80c38,0x0000000776600000)
  to   space 13824K, 0% used [0x0000000774b00000,0x0000000774b00000,0x0000000775880000)
 ParOldGen       total 123904K, used 12291K [0x00000006c2000000, 0x00000006c9900000, 0x000000076b580000)
  object space 123904K, 9% used [0x00000006c2000000,0x00000006c2c00d48,0x00000006c9900000)
 Metaspace       used 55839K, capacity 59015K, committed 59096K, reserved 1099776K
  class space    used 7611K, capacity 7902K, committed 7936K, reserved 1048576K
}
Event: 13.020 GC heap before
{Heap before GC invocations=11 (full 3):
 PSYoungGen      total 166912K, used 7171K [0x000000076b580000, 0x0000000777a80000, 0x00000007c0000000)
  eden space 153088K, 0% used [0x000000076b580000,0x000000076b580000,0x0000000774b00000)
  from space 13824K, 51% used [0x0000000775880000,0x0000000775f80c38,0x0000000776600000)
  to   space 13824K, 0% used [0x0000000774b00000,0x0000000774b00000,0x0000000775880000)
 ParOldGen       total 123904K, used 12291K [0x00000006c2000000, 0x00000006c9900000, 0x000000076b580000)
  object space 123904K, 9% used [0x00000006c2000000,0x00000006c2c00d48,0x00000006c9900000)
 Metaspace       used 55839K, capacity 59015K, committed 59096K, reserved 1099776K
  class space    used 7611K, capacity 7902K, committed 7936K, reserved 1048576K
Event: 13.102 GC heap after
Heap after GC invocations=11 (full 3):
 PSYoungGen      total 166912K, used 0K [0x000000076b580000, 0x0000000777a80000, 0x00000007c0000000)
  eden space 153088K, 0% used [0x000000076b580000,0x000000076b580000,0x0000000774b00000)
  from space 13824K, 0% used [0x0000000775880000,0x0000000775880000,0x0000000776600000)
  to   space 13824K, 0% used [0x0000000774b00000,0x0000000774b00000,0x0000000775880000)
 ParOldGen       total 123904K, used 15422K [0x00000006c2000000, 0x00000006c9900000, 0x000000076b580000)
  object space 123904K, 12% used [0x00000006c2000000,0x00000006c2f0f8a8,0x00000006c9900000)
 Metaspace       used 55835K, capacity 59003K, committed 59096K, reserved 1099776K
  class space    used 7610K, capacity 7900K, committed 7936K, reserved 1048576K
}
Event: 14.235 GC heap before
{Heap before GC invocations=12 (full 3):
 PSYoungGen      total 166912K, used 153088K [0x000000076b580000, 0x0000000777a80000, 0x00000007c0000000)
  eden space 153088K, 100% used [0x000000076b580000,0x0000000774b00000,0x0000000774b00000)
  from space 13824K, 0% used [0x0000000775880000,0x0000000775880000,0x0000000776600000)
  to   space 13824K, 0% used [0x0000000774b00000,0x0000000774b00000,0x0000000775880000)
 ParOldGen       total 123904K, used 15422K [0x00000006c2000000, 0x00000006c9900000, 0x000000076b580000)
  object space 123904K, 12% used [0x00000006c2000000,0x00000006c2f0f8a8,0x00000006c9900000)
 Metaspace       used 72931K, capacity 77785K, committed 78040K, reserved 1116160K
  class space    used 10078K, capacity 10474K, committed 10496K, reserved 1048576K
Event: 14.243 GC heap after
Heap after GC invocations=12 (full 3):
 PSYoungGen      total 166912K, used 13801K [0x000000076b580000, 0x0000000777a80000, 0x00000007c0000000)
  eden space 153088K, 0% used [0x000000076b580000,0x000000076b580000,0x0000000774b00000)
  from space 13824K, 99% used [0x0000000774b00000,0x000000077587a428,0x0000000775880000)
  to   space 13824K, 0% used [0x0000000775880000,0x0000000775880000,0x0000000776600000)
 ParOldGen       total 123904K, used 17325K [0x00000006c2000000, 0x00000006c9900000, 0x000000076b580000)
  object space 123904K, 13% used [0x00000006c2000000,0x00000006c30eb410,0x00000006c9900000)
 Metaspace       used 72931K, capacity 77785K, committed 78040K, reserved 1116160K
  class space    used 10078K, capacity 10474K, committed 10496K, reserved 1048576K
}

Deoptimization events (10 events):
Event: 13.682 Thread 0x0000000002e39000 Uncommon trap: reason=bimorphic action=maybe_recompile pc=0x00000000032c0f74 method=scala.reflect.runtime.SynchronizedSymbols$SynchronizedSymbol$$anon$13.scala$reflect$runtime$SynchronizedSymbols$SynchronizedSymbol$$$outer()Lscala/reflect/runtime/Synchron
Event: 13.711 Thread 0x0000000002e39000 Uncommon trap: reason=class_check action=maybe_recompile pc=0x0000000003af1a94 method=scala.reflect.runtime.SynchronizedSymbols$SynchronizedSymbol.getFlag(J)J @ 39
Event: 13.739 Thread 0x0000000002e39000 Uncommon trap: reason=unstable_if action=reinterpret pc=0x000000000321cad8 method=sun.misc.URLClassPath$JarLoader.getResource(Ljava/lang/String;ZLjava/util/Set;)Lsun/misc/Resource; @ 17
Event: 13.989 Thread 0x0000000002e39000 Uncommon trap: reason=array_check action=maybe_recompile pc=0x0000000003d0fc6c method=scala.runtime.ScalaRunTime$.array_update(Ljava/lang/Object;ILjava/lang/Object;)V @ 13
Event: 13.989 Thread 0x0000000002e39000 Uncommon trap: reason=array_check action=maybe_recompile pc=0x0000000003d0fc6c method=scala.runtime.ScalaRunTime$.array_update(Ljava/lang/Object;ILjava/lang/Object;)V @ 13
Event: 14.210 Thread 0x0000000002e39000 Uncommon trap: reason=array_check action=maybe_recompile pc=0x0000000003d0fc6c method=scala.runtime.ScalaRunTime$.array_update(Ljava/lang/Object;ILjava/lang/Object;)V @ 13
Event: 14.231 Thread 0x0000000002e39000 Uncommon trap: reason=array_check action=maybe_recompile pc=0x0000000003d0fc6c method=scala.runtime.ScalaRunTime$.array_update(Ljava/lang/Object;ILjava/lang/Object;)V @ 13
Event: 14.299 Thread 0x0000000002e39000 Uncommon trap: reason=unstable_if action=reinterpret pc=0x0000000003cb0688 method=jdk.internal.org.objectweb.asm.Type.getArgumentsAndReturnSizes(Ljava/lang/String;)I @ 100
Event: 14.300 Thread 0x0000000002e39000 Uncommon trap: reason=unstable_if action=reinterpret pc=0x0000000003a3ebc0 method=jdk.internal.org.objectweb.asm.Type.getArgumentsAndReturnSizes(Ljava/lang/String;)I @ 100
Event: 14.300 Thread 0x0000000002e39000 Uncommon trap: reason=unstable_if action=reinterpret pc=0x0000000003c26a10 method=jdk.internal.org.objectweb.asm.Type.getArgumentsAndReturnSizes(Ljava/lang/String;)I @ 100

Classes redefined (0 events):
No events

Internal exceptions (10 events):
Event: 14.275 Thread 0x0000000002e39000 Exception <a 'java/lang/NoSuchMethodError': java.lang.Object.$anonfun$$init$$1$adapted(Lcom/fasterxml/jackson/databind/Module$SetupContext;)Ljava/lang/Object;> (0x000000076bed1798) thrown at [C:\re\workspace\8-2-build-windows-amd64-cygwin\jdk8u181\11358\h
Event: 14.276 Thread 0x0000000002e39000 Exception <a 'java/lang/NoSuchMethodError': java.lang.Object.$anonfun$$init$$1$adapted(Lcom/fasterxml/jackson/databind/Module$SetupContext;)Ljava/lang/Object;> (0x000000076bed6d48) thrown at [C:\re\workspace\8-2-build-windows-amd64-cygwin\jdk8u181\11358\h
Event: 14.278 Thread 0x0000000002e39000 Exception <a 'java/lang/NoSuchMethodError': java.lang.Object.$anonfun$$init$$1$adapted(Lcom/fasterxml/jackson/databind/Module$SetupContext;)Ljava/lang/Object;> (0x000000076bf7d8d0) thrown at [C:\re\workspace\8-2-build-windows-amd64-cygwin\jdk8u181\11358\h
Event: 14.278 Thread 0x0000000002e39000 Exception <a 'java/lang/NoSuchMethodError': java.lang.Object.$anonfun$$init$$2$adapted(Lcom/fasterxml/jackson/databind/Module$SetupContext;)Ljava/lang/Object;> (0x000000076bf82c20) thrown at [C:\re\workspace\8-2-build-windows-amd64-cygwin\jdk8u181\11358\h
Event: 14.279 Thread 0x0000000002e39000 Exception <a 'java/lang/NoSuchMethodError': java.lang.Object.$anonfun$$init$$1$adapted(Lcom/fasterxml/jackson/databind/Module$SetupContext;)Ljava/lang/Object;> (0x000000076bf87af8) thrown at [C:\re\workspace\8-2-build-windows-amd64-cygwin\jdk8u181\11358\h
Event: 14.279 Thread 0x0000000002e39000 Exception <a 'java/lang/NoSuchMethodError': java.lang.Object.$anonfun$$init$$1$adapted(Lcom/fasterxml/jackson/databind/Module$SetupContext;)Ljava/lang/Object;> (0x000000076bfbee30) thrown at [C:\re\workspace\8-2-build-windows-amd64-cygwin\jdk8u181\11358\h
Event: 14.280 Thread 0x0000000002e39000 Exception <a 'java/lang/NoSuchMethodError': java.lang.Object.$anonfun$$init$$1$adapted(Lcom/fasterxml/jackson/databind/Module$SetupContext;)Ljava/lang/Object;> (0x000000076bfc41d8) thrown at [C:\re\workspace\8-2-build-windows-amd64-cygwin\jdk8u181\11358\h
Event: 14.280 Thread 0x0000000002e39000 Exception <a 'java/lang/NoSuchMethodError': java.lang.Object.$anonfun$$init$$1$adapted(Lcom/fasterxml/jackson/databind/Module$SetupContext;)Ljava/lang/Object;> (0x000000076bfc9580) thrown at [C:\re\workspace\8-2-build-windows-amd64-cygwin\jdk8u181\11358\h
Event: 14.282 Thread 0x0000000002e39000 Exception <a 'java/lang/NoSuchMethodError': java.lang.Object.$anonfun$setupModule$1$adapted(Lcom/fasterxml/jackson/databind/Module$SetupContext;Lscala/Function1;)Ljava/lang/Object;> (0x000000076c020bc8) thrown at [C:\re\workspace\8-2-build-windows-amd64-c
Event: 14.367 Thread 0x0000000002e39000 Exception <a 'java/lang/NoSuchMethodError': java.lang.Object.$anonfun$indexOf$1$adapted(Ljava/lang/Object;Ljava/lang/Object;)Ljava/lang/Object;> (0x000000076c8e6e90) thrown at [C:\re\workspace\8-2-build-windows-amd64-cygwin\jdk8u181\11358\hotspot\src\shar

Events (10 events):
Event: 14.372 loading class scala/Tuple3
Event: 14.372 loading class scala/Tuple3 done
Event: 14.372 loading class scala/Function1
Event: 14.372 loading class scala/Function1 done
Event: 14.372 loading class scala/Tuple3
Event: 14.372 loading class scala/Tuple3 done
Event: 14.372 loading class scala/Tuple3
Event: 14.372 loading class scala/Tuple3 done
Event: 14.372 loading class scala/Function1
Event: 14.372 loading class scala/Function1 done


Dynamic libraries:
0x00007ff772dc0000 - 0x00007ff772df7000 	E:\Java\jdk1.8.0_181\bin\java.exe
0x00007ffefc870000 - 0x00007ffefca68000 	C:\WINDOWS\SYSTEM32\ntdll.dll
0x00007ffefbee0000 - 0x00007ffefbf9d000 	C:\WINDOWS\System32\KERNEL32.DLL
0x00007ffef9f90000 - 0x00007ffefa25e000 	C:\WINDOWS\System32\KERNELBASE.dll
0x00007ffefbc00000 - 0x00007ffefbcae000 	C:\WINDOWS\System32\ADVAPI32.dll
0x00007ffefb750000 - 0x00007ffefb7ee000 	C:\WINDOWS\System32\msvcrt.dll
0x00007ffefc610000 - 0x00007ffefc6ac000 	C:\WINDOWS\System32\sechost.dll
0x00007ffefb930000 - 0x00007ffefba55000 	C:\WINDOWS\System32\RPCRT4.dll
0x00007ffefbd40000 - 0x00007ffefbee0000 	C:\WINDOWS\System32\USER32.dll
0x00007ffefa790000 - 0x00007ffefa7b2000 	C:\WINDOWS\System32\win32u.dll
0x00007ffefc300000 - 0x00007ffefc32a000 	C:\WINDOWS\System32\GDI32.dll
0x00007ffefa310000 - 0x00007ffefa41b000 	C:\WINDOWS\System32\gdi32full.dll
0x00007ffefa6f0000 - 0x00007ffefa78d000 	C:\WINDOWS\System32\msvcp_win.dll
0x00007ffefa5f0000 - 0x00007ffefa6f0000 	C:\WINDOWS\System32\ucrtbase.dll
0x00007ffee2e60000 - 0x00007ffee30fa000 	C:\WINDOWS\WinSxS\amd64_microsoft.windows.common-controls_6595b64144ccf1df_6.0.19041.1110_none_60b5254171f9507e\COMCTL32.dll
0x00007ffefc580000 - 0x00007ffefc5b0000 	C:\WINDOWS\System32\IMM32.DLL
0x000000006f7c0000 - 0x000000006f892000 	E:\Java\jdk1.8.0_181\jre\bin\msvcr100.dll
0x000000006ef10000 - 0x000000006f7b2000 	E:\Java\jdk1.8.0_181\jre\bin\server\jvm.dll
0x00007ffefbbf0000 - 0x00007ffefbbf8000 	C:\WINDOWS\System32\PSAPI.DLL
0x00007ffee3200000 - 0x00007ffee3227000 	C:\WINDOWS\SYSTEM32\WINMM.dll
0x00007ffeeea60000 - 0x00007ffeeea6a000 	C:\WINDOWS\SYSTEM32\VERSION.dll
0x00007ffee7200000 - 0x00007ffee7209000 	C:\WINDOWS\SYSTEM32\WSOCK32.dll
0x00007ffefc430000 - 0x00007ffefc49b000 	C:\WINDOWS\System32\WS2_32.dll
0x000000006ef00000 - 0x000000006ef0f000 	E:\Java\jdk1.8.0_181\jre\bin\verify.dll
0x000000006eed0000 - 0x000000006eef9000 	E:\Java\jdk1.8.0_181\jre\bin\java.dll
0x000000006ee40000 - 0x000000006ee63000 	E:\Java\jdk1.8.0_181\jre\bin\instrument.dll
0x000000006eeb0000 - 0x000000006eec6000 	E:\Java\jdk1.8.0_181\jre\bin\zip.dll
0x00007ffefaae0000 - 0x00007ffefb224000 	C:\WINDOWS\System32\SHELL32.dll
0x00007ffef8070000 - 0x00007ffef8804000 	C:\WINDOWS\SYSTEM32\windows.storage.dll
0x00007ffefbfa0000 - 0x00007ffefc2f4000 	C:\WINDOWS\System32\combase.dll
0x00007ffef99f0000 - 0x00007ffef9a20000 	C:\WINDOWS\SYSTEM32\Wldp.dll
0x00007ffefb880000 - 0x00007ffefb92d000 	C:\WINDOWS\System32\SHCORE.dll
0x00007ffefc5b0000 - 0x00007ffefc605000 	C:\WINDOWS\System32\shlwapi.dll
0x00007ffef9ed0000 - 0x00007ffef9eef000 	C:\WINDOWS\SYSTEM32\profapi.dll
0x00007ffede700000 - 0x00007ffede71a000 	E:\IntelliJ IDEA 2022.1.1\bin\breakgen64.dll
0x000000006ee90000 - 0x000000006eeaa000 	E:\Java\jdk1.8.0_181\jre\bin\net.dll
0x00007ffef9750000 - 0x00007ffef97ba000 	C:\WINDOWS\system32\mswsock.dll
0x00007ffed8400000 - 0x00007ffed8417000 	C:\WINDOWS\system32\napinsp.dll
0x00007ffed81b0000 - 0x00007ffed81cb000 	C:\WINDOWS\system32\pnrpnsp.dll
0x00007ffed82c0000 - 0x00007ffed82d5000 	C:\WINDOWS\system32\wshbth.dll
0x00007ffef55e0000 - 0x00007ffef55fd000 	C:\WINDOWS\system32\NLAapi.dll
0x00007ffef93f0000 - 0x00007ffef942b000 	C:\WINDOWS\SYSTEM32\IPHLPAPI.DLL
0x00007ffef9480000 - 0x00007ffef954b000 	C:\WINDOWS\SYSTEM32\DNSAPI.dll
0x00007ffefc570000 - 0x00007ffefc578000 	C:\WINDOWS\System32\NSI.dll
0x00007ffed8290000 - 0x00007ffed82a2000 	C:\WINDOWS\System32\winrnr.dll
0x00007ffeef960000 - 0x00007ffeef96a000 	C:\Windows\System32\rasadhlp.dll
0x00007ffeeef80000 - 0x00007ffeef000000 	C:\WINDOWS\System32\fwpuclnt.dll
0x00007ffefa7c0000 - 0x00007ffefa7e7000 	C:\WINDOWS\System32\bcrypt.dll
0x000000006ee30000 - 0x000000006ee3d000 	E:\Java\jdk1.8.0_181\jre\bin\management.dll
0x000000006ee20000 - 0x000000006ee29000 	E:\Java\jdk1.8.0_181\jre\bin\w2k_lsa_auth.dll
0x00007ffedae10000 - 0x00007ffedae1c000 	C:\WINDOWS\SYSTEM32\Secur32.dll
0x00007ffef9e50000 - 0x00007ffef9e82000 	C:\WINDOWS\SYSTEM32\SSPICLI.DLL
0x00007ffed79a0000 - 0x00007ffed79ba000 	E:\Java\hadoop-3.0.3\bin\hadoop.dll
0x00007ffedaed0000 - 0x00007ffedafbf000 	C:\WINDOWS\SYSTEM32\MSVCR120.dll
0x00007ffef8da0000 - 0x00007ffef8dee000 	C:\WINDOWS\SYSTEM32\AUTHZ.dll
0x00007ffeddae0000 - 0x00007ffeddafa000 	C:\WINDOWS\SYSTEM32\NETAPI32.dll
0x00007ffeec460000 - 0x00007ffeec479000 	C:\WINDOWS\SYSTEM32\SAMCLI.DLL
0x00007ffef95a0000 - 0x00007ffef95ac000 	C:\WINDOWS\SYSTEM32\NETUTILS.DLL
0x000000006ee10000 - 0x000000006ee18000 	E:\Java\jdk1.8.0_181\jre\bin\jaas_nt.dll
0x000000006ee70000 - 0x000000006ee81000 	E:\Java\jdk1.8.0_181\jre\bin\nio.dll
0x00007ffef9940000 - 0x00007ffef9958000 	C:\WINDOWS\SYSTEM32\CRYPTSP.dll
0x00007ffef9060000 - 0x00007ffef9094000 	C:\WINDOWS\system32\rsaenh.dll
0x00007ffef9e90000 - 0x00007ffef9ebe000 	C:\WINDOWS\SYSTEM32\USERENV.dll
0x00007ffefa7f0000 - 0x00007ffefa872000 	C:\WINDOWS\System32\bcryptprimitives.dll
0x00007ffef9960000 - 0x00007ffef996c000 	C:\WINDOWS\SYSTEM32\CRYPTBASE.dll
0x00007ffef3450000 - 0x00007ffef3467000 	C:\WINDOWS\SYSTEM32\dhcpcsvc6.DLL
0x00007ffef3270000 - 0x00007ffef328d000 	C:\WINDOWS\SYSTEM32\dhcpcsvc.DLL

VM Arguments:
jvm_args: -javaagent:E:\IntelliJ IDEA 2022.1.1\lib\idea_rt.jar=49323:E:\IntelliJ IDEA 2022.1.1\bin -Dfile.encoding=UTF-8 
java_command: com.atguigu.bigdata.spark.sql.SparkSql_text
java_class_path (initial): E:\Java\jdk1.8.0_181\jre\lib\charsets.jar;E:\Java\jdk1.8.0_181\jre\lib\deploy.jar;E:\Java\jdk1.8.0_181\jre\lib\ext\access-bridge-64.jar;E:\Java\jdk1.8.0_181\jre\lib\ext\cldrdata.jar;E:\Java\jdk1.8.0_181\jre\lib\ext\dnsns.jar;E:\Java\jdk1.8.0_181\jre\lib\ext\jaccess.jar;E:\Java\jdk1.8.0_181\jre\lib\ext\jfxrt.jar;E:\Java\jdk1.8.0_181\jre\lib\ext\localedata.jar;E:\Java\jdk1.8.0_181\jre\lib\ext\nashorn.jar;E:\Java\jdk1.8.0_181\jre\lib\ext\sunec.jar;E:\Java\jdk1.8.0_181\jre\lib\ext\sunjce_provider.jar;E:\Java\jdk1.8.0_181\jre\lib\ext\sunmscapi.jar;E:\Java\jdk1.8.0_181\jre\lib\ext\sunpkcs11.jar;E:\Java\jdk1.8.0_181\jre\lib\ext\zipfs.jar;E:\Java\jdk1.8.0_181\jre\lib\javaws.jar;E:\Java\jdk1.8.0_181\jre\lib\jce.jar;E:\Java\jdk1.8.0_181\jre\lib\jfr.jar;E:\Java\jdk1.8.0_181\jre\lib\jfxswt.jar;E:\Java\jdk1.8.0_181\jre\lib\jsse.jar;E:\Java\jdk1.8.0_181\jre\lib\management-agent.jar;E:\Java\jdk1.8.0_181\jre\lib\plugin.jar;E:\Java\jdk1.8.0_181\jre\lib\resources.jar;E:\Java\jdk1.8.0_181\jre\lib\rt.jar;E:\SparkProject\atguigu-classes\spark-core\target\classes;E:\Java\scala-2.12.11\lib\scala-library.jar;E:\Java\scala-2.12.11\lib\scala-parser-combinators_2.12-1.0.7.jar;E:\Java\scala-2.12.11\lib\scala-reflect.jar;E:\Java\scala-2.12.11\lib\scala-swing_2.12-2.0.3.jar;E:\Java\scala-2.12.11\lib\scala-xml_2.12-1.0.6.jar;E:\maven\repository\org\apache\spark\spark-core_2.12\3.0.0\spark-core_2.12-3.0.0.jar;E:\maven\repository\com\thoughtworks\paranamer\paranamer\2.8\paranamer-2.8.jar;E:\maven\repository\org\apache\avro\avro\1.8.2\avro-1.8.2.jar;E:\maven\repository\org\codehaus\jackson\jackson-core-asl\1.9.13\jackson-core-asl-1.9.13.jar;E:\maven\repository\org\codehaus\jackson\jackson-mapper-asl\1.9.13\jackson-mapper-asl-1.9.13.jar;E:\maven\repository\org\apache\commons\commons-compress\1.8.1\commons-compress-1.8.1.jar;E:\maven\repository\org\tukaani\xz\1.5\xz-1.5.jar;E:\maven\repository\org\apache\avro\avro-mapred\1.8.2\avro-mapred-1.8.2-hadoop2.jar;E:\maven\reposit
Launcher Type: SUN_STANDARD

Environment Variables:
JAVA_HOME=E:\Java\jdk1.8.0_181
PATH=E:\Kettle\data-integration;C:\Windows\system32;C:\Windows;C:\Windows\System32\Wbem;C:\Windows\System32\WindowsPowerShell\v1.0\;C:\Windows\System32\OpenSSH\;C:\Program Files (x86)\NVIDIA Corporation\PhysX\Common;C:\Program Files\NVIDIA Corporation\NVIDIA NvDLISR;C:\WINDOWS\system32;C:\WINDOWS;C:\WINDOWS\System32\Wbem;C:\WINDOWS\System32\WindowsPowerShell\v1.0\;C:\WINDOWS\System32\OpenSSH\;E:\Java\jdk1.8.0_181\bin;E:\Java\scala-2.12.11\bin;E:\Java\apache-maven-3.8.5\bin;E:\Java\hadoop-3.0.3\bin;E:\Java\spark-3.0.3-bin-hadoop3.2\bin;D:\Bigdata\Python39\Scripts\;D:\Bigdata\Python39\;C:\Users\³Â¸Õ\AppData\Local\Microsoft\WindowsApps;
USERNAME=³Â¸Õ
OS=Windows_NT
PROCESSOR_IDENTIFIER=Intel64 Family 6 Model 165 Stepping 2, GenuineIntel



---------------  S Y S T E M  ---------------

OS: Windows 10.0 , 64 bit Build 19041 (10.0.19041.1806)

CPU:total 8 (initial active 8) (4 cores per cpu, 2 threads per core) family 6 model 165 stepping 2, cmov, cx8, fxsr, mmx, sse, sse2, sse3, ssse3, sse4.1, sse4.2, popcnt, avx, avx2, aes, clmul, erms, 3dnowpref, lzcnt, ht, tsc, tscinvbit, bmi1, bmi2, adx

Memory: 4k page, physical 16641840k(1895768k free), swap 35841836k(5212k free)

vm_info: Java HotSpot(TM) 64-Bit Server VM (25.181-b13) for windows-amd64 JRE (1.8.0_181-b13), built on Jul  7 2018 04:01:33 by "java_re" with MS VC++ 10.0 (VS2010)

time: Thu Aug 04 15:17:28 2022
elapsed time: 14 seconds (0d 0h 0m 14s)

